2025-05-14T07:09:28.609-03:00  INFO 18772 --- [registrationClient] [main] c.f.r.RegistrationClientApplication      : Starting RegistrationClientApplication using Java 22.0.2 with PID 18772 (C:\Users\USER\Desktop\projetos\registrationClient\target\classes started by USER in C:\Users\USER\Desktop\projetos\registrationClient)
2025-05-14T07:09:28.612-03:00  INFO 18772 --- [registrationClient] [main] c.f.r.RegistrationClientApplication      : No active profile set, falling back to 1 default profile: "default"
2025-05-14T07:09:29.491-03:00  INFO 18772 --- [registrationClient] [main] .s.d.r.c.RepositoryConfigurationDelegate : Bootstrapping Spring Data JPA repositories in DEFAULT mode.
2025-05-14T07:09:29.569-03:00  INFO 18772 --- [registrationClient] [main] .s.d.r.c.RepositoryConfigurationDelegate : Finished Spring Data repository scanning in 67 ms. Found 3 JPA repository interfaces.
2025-05-14T07:09:30.118-03:00  INFO 18772 --- [registrationClient] [main] o.s.b.w.embedded.tomcat.TomcatWebServer  : Tomcat initialized with port 8080 (http)
2025-05-14T07:09:30.135-03:00  INFO 18772 --- [registrationClient] [main] o.apache.catalina.core.StandardService   : Starting service [Tomcat]
2025-05-14T07:09:30.136-03:00  INFO 18772 --- [registrationClient] [main] o.apache.catalina.core.StandardEngine    : Starting Servlet engine: [Apache Tomcat/10.1.40]
2025-05-14T07:09:30.194-03:00  INFO 18772 --- [registrationClient] [main] o.a.c.c.C.[Tomcat].[localhost].[/]       : Initializing Spring embedded WebApplicationContext
2025-05-14T07:09:30.195-03:00  INFO 18772 --- [registrationClient] [main] w.s.c.ServletWebServerApplicationContext : Root WebApplicationContext: initialization completed in 1525 ms
2025-05-14T07:09:30.368-03:00  INFO 18772 --- [registrationClient] [main] o.hibernate.jpa.internal.util.LogHelper  : HHH000204: Processing PersistenceUnitInfo [name: default]
2025-05-14T07:09:30.420-03:00  INFO 18772 --- [registrationClient] [main] org.hibernate.Version                    : HHH000412: Hibernate ORM core version 6.6.13.Final
2025-05-14T07:09:30.469-03:00  INFO 18772 --- [registrationClient] [main] o.h.c.internal.RegionFactoryInitiator    : HHH000026: Second-level cache disabled
2025-05-14T07:09:30.749-03:00  INFO 18772 --- [registrationClient] [main] o.s.o.j.p.SpringPersistenceUnitInfo      : No LoadTimeWeaver setup: ignoring JPA class transformer
2025-05-14T07:09:30.781-03:00  INFO 18772 --- [registrationClient] [main] com.zaxxer.hikari.HikariDataSource       : HikariPool-1 - Starting...
2025-05-14T07:09:30.988-03:00  INFO 18772 --- [registrationClient] [main] com.zaxxer.hikari.pool.HikariPool        : HikariPool-1 - Added connection conn0: url=jdbc:h2:mem:registration user=SA
2025-05-14T07:09:30.990-03:00  INFO 18772 --- [registrationClient] [main] com.zaxxer.hikari.HikariDataSource       : HikariPool-1 - Start completed.
2025-05-14T07:09:31.015-03:00  WARN 18772 --- [registrationClient] [main] org.hibernate.orm.deprecation            : HHH90000025: H2Dialect does not need to be specified explicitly using 'hibernate.dialect' (remove the property setting and it will be selected by default)
2025-05-14T07:09:31.041-03:00  INFO 18772 --- [registrationClient] [main] org.hibernate.orm.connections.pooling    : HHH10001005: Database info:
	Database JDBC URL [Connecting through datasource 'HikariDataSource (HikariPool-1)']
	Database driver: undefined/unknown
	Database version: 2.3.232
	Autocommit mode: undefined/unknown
	Isolation level: undefined/unknown
	Minimum pool size: undefined/unknown
	Maximum pool size: undefined/unknown
2025-05-14T07:09:32.141-03:00  INFO 18772 --- [registrationClient] [main] o.h.e.t.j.p.i.JtaPlatformInitiator       : HHH000489: No JTA platform available (set 'hibernate.transaction.jta.platform' to enable JTA platform integration)
2025-05-14T07:09:32.238-03:00  INFO 18772 --- [registrationClient] [main] j.LocalContainerEntityManagerFactoryBean : Initialized JPA EntityManagerFactory for persistence unit 'default'
2025-05-14T07:09:32.792-03:00  WARN 18772 --- [registrationClient] [main] JpaBaseConfiguration$JpaWebConfiguration : spring.jpa.open-in-view is enabled by default. Therefore, database queries may be performed during view rendering. Explicitly configure spring.jpa.open-in-view to disable this warning
2025-05-14T07:09:33.258-03:00  INFO 18772 --- [registrationClient] [main] o.s.b.a.h2.H2ConsoleAutoConfiguration    : H2 console available at '/h2-console'. Database available at 'jdbc:h2:mem:registration'
2025-05-14T07:09:33.350-03:00  INFO 18772 --- [registrationClient] [main] o.s.b.w.embedded.tomcat.TomcatWebServer  : Tomcat started on port 8080 (http) with context path '/'
2025-05-14T07:09:33.360-03:00  INFO 18772 --- [registrationClient] [main] c.f.r.RegistrationClientApplication      : Started RegistrationClientApplication in 5.317 seconds (process running for 5.991)
2025-05-14T07:09:40.196-03:00  INFO 18772 --- [registrationClient] [http-nio-8080-exec-2] o.a.c.c.C.[Tomcat].[localhost].[/]       : Initializing Spring DispatcherServlet 'dispatcherServlet'
2025-05-14T07:09:40.197-03:00  INFO 18772 --- [registrationClient] [http-nio-8080-exec-2] o.s.web.servlet.DispatcherServlet        : Initializing Servlet 'dispatcherServlet'
2025-05-14T07:09:40.198-03:00  INFO 18772 --- [registrationClient] [http-nio-8080-exec-2] o.s.web.servlet.DispatcherServlet        : Completed initialization in 1 ms
2025-05-14T07:09:40.402-03:00  INFO 18772 --- [registrationClient] [http-nio-8080-exec-2] c.f.r.controller.ClientController        : Starting endpoint [createClient] with request: ClientRequest[cnpj=16837792000193, cpf=null, responsibleCpf=99534853054, name=João da Silva, phone=11999999999, mobile=11988888888, email=joao.silva@example.com, clientType=LEGAL_ENTITY, address=[AddressRequest[postalCode=01234567, street=Rua Exemplo, number=123, complement=Apartamento 45, neighborhood=Centro, city=São Paulo, state=SP]]]
2025-05-14T07:09:40.409-03:00  INFO 18772 --- [registrationClient] [http-nio-8080-exec-2] c.f.r.service.ClientService              : Starting service [registerClient] for client type: LEGAL_ENTITY
2025-05-14T07:09:40.410-03:00  INFO 18772 --- [registrationClient] [http-nio-8080-exec-2] c.f.r.strategy.ClientValidation          : Starting client validation for: ClientRequest[cnpj=16837792000193, cpf=null, responsibleCpf=99534853054, name=João da Silva, phone=11999999999, mobile=11988888888, email=joao.silva@example.com, clientType=LEGAL_ENTITY, address=[AddressRequest[postalCode=01234567, street=Rua Exemplo, number=123, complement=Apartamento 45, neighborhood=Centro, city=São Paulo, state=SP]]]
2025-05-14T07:09:40.410-03:00  INFO 18772 --- [registrationClient] [http-nio-8080-exec-2] c.f.r.strategy.DuplicateCpfAndCnpj       : Validating CPF or CNPJ for client type: LEGAL_ENTITY
2025-05-14T07:09:40.543-03:00  INFO 18772 --- [registrationClient] [http-nio-8080-exec-2] c.f.r.strategy.DuplicateEmail            : Validating email for client type: LEGAL_ENTITY
2025-05-14T07:09:40.545-03:00  INFO 18772 --- [registrationClient] [http-nio-8080-exec-2] c.f.r.strategy.ClientValidation          : Client validation completed for: ClientRequest[cnpj=16837792000193, cpf=null, responsibleCpf=99534853054, name=João da Silva, phone=11999999999, mobile=11988888888, email=joao.silva@example.com, clientType=LEGAL_ENTITY, address=[AddressRequest[postalCode=01234567, street=Rua Exemplo, number=123, complement=Apartamento 45, neighborhood=Centro, city=São Paulo, state=SP]]]
2025-05-14T07:09:40.546-03:00  INFO 18772 --- [registrationClient] [http-nio-8080-exec-2] c.f.r.factory.ClientFactory              : Creating LegalEntity for CNPJ: 16837792000193
2025-05-14T07:09:40.547-03:00  INFO 18772 --- [registrationClient] [http-nio-8080-exec-2] c.f.r.factory.ClientFactory              : LegalEntity created successfully for CNPJ: 16837792000193
2025-05-14T07:09:40.627-03:00  INFO 18772 --- [registrationClient] [http-nio-8080-exec-2] c.f.r.service.ClientService              : Finished service [registerClient] successfully
2025-05-14T07:09:40.628-03:00  INFO 18772 --- [registrationClient] [http-nio-8080-exec-2] c.f.r.controller.ClientController        : Finished endpoint [createClient] with response: ClientResponse[message=Client successfully registered!, createdAt=2025-05-14T07:09:40.628929100]
2025-05-14T07:13:39.863-03:00  INFO 18772 --- [registrationClient] [SpringApplicationShutdownHook] o.s.b.w.e.tomcat.GracefulShutdown        : Commencing graceful shutdown. Waiting for active requests to complete
2025-05-14T07:13:39.868-03:00  INFO 18772 --- [registrationClient] [tomcat-shutdown] o.s.b.w.e.tomcat.GracefulShutdown        : Graceful shutdown complete
2025-05-14T07:13:39.872-03:00  INFO 18772 --- [registrationClient] [SpringApplicationShutdownHook] j.LocalContainerEntityManagerFactoryBean : Closing JPA EntityManagerFactory for persistence unit 'default'
2025-05-14T07:13:39.875-03:00  INFO 18772 --- [registrationClient] [SpringApplicationShutdownHook] com.zaxxer.hikari.HikariDataSource       : HikariPool-1 - Shutdown initiated...
2025-05-14T07:13:39.877-03:00  INFO 18772 --- [registrationClient] [SpringApplicationShutdownHook] com.zaxxer.hikari.HikariDataSource       : HikariPool-1 - Shutdown completed.
