
2025-05-14T08:37:09.845-03:00  INFO 17204 --- [registrationClient] [http-nio-8080-exec-4] o.a.c.c.C.[Tomcat].[localhost].[/]       : Initializing Spring DispatcherServlet 'dispatcherServlet'
2025-05-14T08:37:09.846-03:00  INFO 17204 --- [registrationClient] [http-nio-8080-exec-4] o.s.web.servlet.DispatcherServlet        : Initializing Servlet 'dispatcherServlet'
2025-05-14T08:37:09.847-03:00  INFO 17204 --- [registrationClient] [http-nio-8080-exec-4] o.s.web.servlet.DispatcherServlet        : Completed initialization in 1 ms
2025-05-14T08:37:10.072-03:00  INFO 17204 --- [registrationClient] [http-nio-8080-exec-4] c.f.r.controller.ClientController        : Starting endpoint [createClient] with request: ClientRequest[cnpj=16837792000193, cpf=null, responsibleCpf=99534853054, name=João da Silva, phone=11999999999, mobile=11988888888, email=joao.silva@example.com, clientType=LEGAL_ENTITY, address=[AddressRequest[postalCode=01234567, street=Rua Exemplo, number=123, complement=Apartamento 45, neighborhood=Centro, city=São Paulo, state=SP]]]
2025-05-14T08:37:10.079-03:00  INFO 17204 --- [registrationClient] [http-nio-8080-exec-4] c.f.r.service.ClientService              : Starting service [registerClient] for client type: LEGAL_ENTITY
2025-05-14T08:37:10.079-03:00  INFO 17204 --- [registrationClient] [http-nio-8080-exec-4] c.f.r.s.validation.ClientValidation      : Starting client validation for: ClientRequest[cnpj=16837792000193, cpf=null, responsibleCpf=99534853054, name=João da Silva, phone=11999999999, mobile=11988888888, email=joao.silva@example.com, clientType=LEGAL_ENTITY, address=[AddressRequest[postalCode=01234567, street=Rua Exemplo, number=123, complement=Apartamento 45, neighborhood=Centro, city=São Paulo, state=SP]]]
2025-05-14T08:37:10.202-03:00  INFO 17204 --- [registrationClient] [http-nio-8080-exec-4] c.f.r.s.validation.ClientValidation      : Client validation completed for: ClientRequest[cnpj=16837792000193, cpf=null, responsibleCpf=99534853054, name=João da Silva, phone=11999999999, mobile=11988888888, email=joao.silva@example.com, clientType=LEGAL_ENTITY, address=[AddressRequest[postalCode=01234567, street=Rua Exemplo, number=123, complement=Apartamento 45, neighborhood=Centro, city=São Paulo, state=SP]]]
2025-05-14T08:37:10.202-03:00  INFO 17204 --- [registrationClient] [http-nio-8080-exec-4] c.f.r.s.c.LegalEntityClientCreator       : Creating LegalEntity for CNPJ: 16837792000193
2025-05-14T08:37:10.293-03:00  INFO 17204 --- [registrationClient] [http-nio-8080-exec-4] c.f.r.service.ClientService              : Finished service [registerClient] successfully
2025-05-14T08:37:10.294-03:00  INFO 17204 --- [registrationClient] [http-nio-8080-exec-4] c.f.r.controller.ClientController        : Finished endpoint [createClient] with response: ClientResponse[message=Client successfully registered!, createdAt=2025-05-14T08:37:10.294160900]
2025-05-14T08:37:16.776-03:00  INFO 17204 --- [registrationClient] [http-nio-8080-exec-3] c.f.r.controller.ClientController        : Starting endpoint [createClient] with request: ClientRequest[cnpj=16837792000193, cpf=null, responsibleCpf=99534853054, name=João da Silva, phone=11999999999, mobile=11988888888, email=joao.silva@example.com, clientType=LEGAL_ENTITY, address=[AddressRequest[postalCode=01234567, street=Rua Exemplo, number=123, complement=Apartamento 45, neighborhood=Centro, city=São Paulo, state=SP]]]
2025-05-14T08:37:16.776-03:00  INFO 17204 --- [registrationClient] [http-nio-8080-exec-3] c.f.r.service.ClientService              : Starting service [registerClient] for client type: LEGAL_ENTITY
2025-05-14T08:37:16.776-03:00  INFO 17204 --- [registrationClient] [http-nio-8080-exec-3] c.f.r.s.validation.ClientValidation      : Starting client validation for: ClientRequest[cnpj=16837792000193, cpf=null, responsibleCpf=99534853054, name=João da Silva, phone=11999999999, mobile=11988888888, email=joao.silva@example.com, clientType=LEGAL_ENTITY, address=[AddressRequest[postalCode=01234567, street=Rua Exemplo, number=123, complement=Apartamento 45, neighborhood=Centro, city=São Paulo, state=SP]]]
2025-05-14T08:37:16.779-03:00  WARN 17204 --- [registrationClient] [http-nio-8080-exec-3] c.f.r.service.ClientService              : Known client exception occurred: A legal entity client with this CNPJ already exists
2025-05-14T08:37:16.781-03:00 ERROR 17204 --- [registrationClient] [http-nio-8080-exec-3] c.f.r.exception.GlobalHandleExecption    : ClienteExecption caught: A legal entity client with this CNPJ already exists
2025-05-14T08:37:23.503-03:00  INFO 17204 --- [registrationClient] [http-nio-8080-exec-2] c.f.r.controller.ClientController        : Starting endpoint [createClient] with request: ClientRequest[cnpj=null, cpf=null, responsibleCpf=99534853054, name=João da Silva, phone=11999999999, mobile=11988888888, email=joao.silva@example.com, clientType=LEGAL_ENTITY, address=[AddressRequest[postalCode=01234567, street=Rua Exemplo, number=123, complement=Apartamento 45, neighborhood=Centro, city=São Paulo, state=SP]]]
2025-05-14T08:37:23.503-03:00  INFO 17204 --- [registrationClient] [http-nio-8080-exec-2] c.f.r.service.ClientService              : Starting service [registerClient] for client type: LEGAL_ENTITY
2025-05-14T08:37:23.503-03:00  INFO 17204 --- [registrationClient] [http-nio-8080-exec-2] c.f.r.s.validation.ClientValidation      : Starting client validation for: ClientRequest[cnpj=null, cpf=null, responsibleCpf=99534853054, name=João da Silva, phone=11999999999, mobile=11988888888, email=joao.silva@example.com, clientType=LEGAL_ENTITY, address=[AddressRequest[postalCode=01234567, street=Rua Exemplo, number=123, complement=Apartamento 45, neighborhood=Centro, city=São Paulo, state=SP]]]
2025-05-14T08:37:23.510-03:00  WARN 17204 --- [registrationClient] [http-nio-8080-exec-2] c.f.r.service.ClientService              : Known client exception occurred: A legal entity client with this email already exists
2025-05-14T08:37:23.511-03:00 ERROR 17204 --- [registrationClient] [http-nio-8080-exec-2] c.f.r.exception.GlobalHandleExecption    : ClienteExecption caught: A legal entity client with this email already exists
2025-05-14T08:37:32.750-03:00  INFO 17204 --- [registrationClient] [http-nio-8080-exec-7] c.f.r.controller.ClientController        : Starting endpoint [createClient] with request: ClientRequest[cnpj=null, cpf=null, responsibleCpf=99534853054, name=João da Silva, phone=11999999999, mobile=11988888888, email=joao.silva2@example.com, clientType=LEGAL_ENTITY, address=[AddressRequest[postalCode=01234567, street=Rua Exemplo, number=123, complement=Apartamento 45, neighborhood=Centro, city=São Paulo, state=SP]]]
2025-05-14T08:37:32.750-03:00  INFO 17204 --- [registrationClient] [http-nio-8080-exec-7] c.f.r.service.ClientService              : Starting service [registerClient] for client type: LEGAL_ENTITY
2025-05-14T08:37:32.751-03:00  INFO 17204 --- [registrationClient] [http-nio-8080-exec-7] c.f.r.s.validation.ClientValidation      : Starting client validation for: ClientRequest[cnpj=null, cpf=null, responsibleCpf=99534853054, name=João da Silva, phone=11999999999, mobile=11988888888, email=joao.silva2@example.com, clientType=LEGAL_ENTITY, address=[AddressRequest[postalCode=01234567, street=Rua Exemplo, number=123, complement=Apartamento 45, neighborhood=Centro, city=São Paulo, state=SP]]]
2025-05-14T08:37:32.754-03:00  WARN 17204 --- [registrationClient] [http-nio-8080-exec-7] c.f.r.service.ClientService              : Known client exception occurred: CNPJ cannot be null
2025-05-14T08:37:32.755-03:00 ERROR 17204 --- [registrationClient] [http-nio-8080-exec-7] c.f.r.exception.GlobalHandleExecption    : ClienteExecption caught: CNPJ cannot be null
2025-05-14T08:37:36.074-03:00  INFO 17204 --- [registrationClient] [http-nio-8080-exec-10] c.f.r.controller.ClientController        : Starting endpoint [createClient] with request: ClientRequest[cnpj=null, cpf=null, responsibleCpf=null, name=João da Silva, phone=11999999999, mobile=11988888888, email=joao.silva2@example.com, clientType=LEGAL_ENTITY, address=[AddressRequest[postalCode=01234567, street=Rua Exemplo, number=123, complement=Apartamento 45, neighborhood=Centro, city=São Paulo, state=SP]]]
2025-05-14T08:37:36.074-03:00  INFO 17204 --- [registrationClient] [http-nio-8080-exec-10] c.f.r.service.ClientService              : Starting service [registerClient] for client type: LEGAL_ENTITY
2025-05-14T08:37:36.074-03:00  INFO 17204 --- [registrationClient] [http-nio-8080-exec-10] c.f.r.s.validation.ClientValidation      : Starting client validation for: ClientRequest[cnpj=null, cpf=null, responsibleCpf=null, name=João da Silva, phone=11999999999, mobile=11988888888, email=joao.silva2@example.com, clientType=LEGAL_ENTITY, address=[AddressRequest[postalCode=01234567, street=Rua Exemplo, number=123, complement=Apartamento 45, neighborhood=Centro, city=São Paulo, state=SP]]]
2025-05-14T08:37:36.078-03:00  WARN 17204 --- [registrationClient] [http-nio-8080-exec-10] c.f.r.service.ClientService              : Known client exception occurred: CNPJ cannot be null
2025-05-14T08:37:36.078-03:00 ERROR 17204 --- [registrationClient] [http-nio-8080-exec-10] c.f.r.exception.GlobalHandleExecption    : ClienteExecption caught: CNPJ cannot be null
2025-05-14T08:37:43.497-03:00  INFO 17204 --- [registrationClient] [http-nio-8080-exec-1] c.f.r.controller.ClientController        : Starting endpoint [createClient] with request: ClientRequest[cnpj=16837792000193, cpf=null, responsibleCpf=null, name=João da Silva, phone=11999999999, mobile=11988888888, email=joao.silva2@example.com, clientType=LEGAL_ENTITY, address=[AddressRequest[postalCode=01234567, street=Rua Exemplo, number=123, complement=Apartamento 45, neighborhood=Centro, city=São Paulo, state=SP]]]
2025-05-14T08:37:43.498-03:00  INFO 17204 --- [registrationClient] [http-nio-8080-exec-1] c.f.r.service.ClientService              : Starting service [registerClient] for client type: LEGAL_ENTITY
2025-05-14T08:37:43.498-03:00  INFO 17204 --- [registrationClient] [http-nio-8080-exec-1] c.f.r.s.validation.ClientValidation      : Starting client validation for: ClientRequest[cnpj=16837792000193, cpf=null, responsibleCpf=null, name=João da Silva, phone=11999999999, mobile=11988888888, email=joao.silva2@example.com, clientType=LEGAL_ENTITY, address=[AddressRequest[postalCode=01234567, street=Rua Exemplo, number=123, complement=Apartamento 45, neighborhood=Centro, city=São Paulo, state=SP]]]
2025-05-14T08:37:43.499-03:00  WARN 17204 --- [registrationClient] [http-nio-8080-exec-1] c.f.r.service.ClientService              : Known client exception occurred: A legal entity client with this CNPJ already exists
2025-05-14T08:37:43.499-03:00 ERROR 17204 --- [registrationClient] [http-nio-8080-exec-1] c.f.r.exception.GlobalHandleExecption    : ClienteExecption caught: A legal entity client with this CNPJ already exists
2025-05-14T08:37:57.527-03:00  WARN 17204 --- [registrationClient] [http-nio-8080-exec-3] c.f.r.exception.GlobalHandleExecption    : Validation error occurred: Address is required
2025-05-14T08:38:02.278-03:00  INFO 17204 --- [registrationClient] [http-nio-8080-exec-2] c.f.r.controller.ClientController        : Starting endpoint [createClient] with request: ClientRequest[cnpj=16837792000193, cpf=null, responsibleCpf=99534853054, name=João da Silva, phone=11999999999, mobile=11988888888, email=joao.silva2@example.com, clientType=LEGAL_ENTITY, address=[AddressRequest[postalCode=null, street=Rua Exemplo, number=123, complement=Apartamento 45, neighborhood=Centro, city=São Paulo, state=SP]]]
2025-05-14T08:38:02.279-03:00  INFO 17204 --- [registrationClient] [http-nio-8080-exec-2] c.f.r.service.ClientService              : Starting service [registerClient] for client type: LEGAL_ENTITY
2025-05-14T08:38:02.279-03:00  INFO 17204 --- [registrationClient] [http-nio-8080-exec-2] c.f.r.s.validation.ClientValidation      : Starting client validation for: ClientRequest[cnpj=16837792000193, cpf=null, responsibleCpf=99534853054, name=João da Silva, phone=11999999999, mobile=11988888888, email=joao.silva2@example.com, clientType=LEGAL_ENTITY, address=[AddressRequest[postalCode=null, street=Rua Exemplo, number=123, complement=Apartamento 45, neighborhood=Centro, city=São Paulo, state=SP]]]
2025-05-14T08:38:02.281-03:00  WARN 17204 --- [registrationClient] [http-nio-8080-exec-2] c.f.r.service.ClientService              : Known client exception occurred: A legal entity client with this CNPJ already exists
2025-05-14T08:38:02.282-03:00 ERROR 17204 --- [registrationClient] [http-nio-8080-exec-2] c.f.r.exception.GlobalHandleExecption    : ClienteExecption caught: A legal entity client with this CNPJ already exists
2025-05-14T08:38:12.004-03:00  INFO 17204 --- [registrationClient] [SpringApplicationShutdownHook] o.s.b.w.e.tomcat.GracefulShutdown        : Commencing graceful shutdown. Waiting for active requests to complete
2025-05-14T08:38:12.009-03:00  INFO 17204 --- [registrationClient] [tomcat-shutdown] o.s.b.w.e.tomcat.GracefulShutdown        : Graceful shutdown complete
2025-05-14T08:38:12.014-03:00  INFO 17204 --- [registrationClient] [SpringApplicationShutdownHook] j.LocalContainerEntityManagerFactoryBean : Closing JPA EntityManagerFactory for persistence unit 'default'
2025-05-14T08:38:12.017-03:00  INFO 17204 --- [registrationClient] [SpringApplicationShutdownHook] com.zaxxer.hikari.HikariDataSource       : HikariPool-1 - Shutdown initiated...
2025-05-14T08:38:12.020-03:00  INFO 17204 --- [registrationClient] [SpringApplicationShutdownHook] com.zaxxer.hikari.HikariDataSource       : HikariPool-1 - Shutdown completed.
